<?xml version="1.0" encoding="UTF-8"?>
<!-- Generated by org.testng.reporters.JUnitXMLReporter -->
<testsuite hostname="AlokSingh" ignored="0" name="Integration Test" tests="4" failures="0" timestamp="13 Jan 2019 12:51:19 GMT" time="116.694" errors="0">
  <testcase name="testNavigateToSignUpPage" time="25.909" classname="tests.TestLandingPage"/>
  <testcase name="testSignInPage" time="44.344" classname="tests.TestLandingPage"/>
  <testcase name="testFeaturesDetailsPages" time="11.805" classname="tests.TestLandingPage"/>
  <testcase name="testFeaturesDetailsPages" time="15.754" classname="tests.TestLandingPage"/>
</testsuite> <!-- Integration Test -->
