<?xml version="1.0" encoding="UTF-8"?>
<!-- Generated by org.testng.reporters.JUnitXMLReporter -->
<testsuite hostname="AlokSingh" ignored="1" name="Command line test" tests="2" failures="0" timestamp="13 Jan 2019 05:27:13 GMT" time="87.794" errors="0">
  <testcase name="testNavigateToSignUpPage" time="24.566" classname="tests.TestLandingPage"/>
  <testcase name="testNavigateToSignInPage" time="51.022" classname="tests.TestLandingPage"/>
  <testcase name="@BeforeSuite configure" time="0.0" classname="tests.TestBase">
    <ignored/>
  </testcase> <!-- @BeforeSuite configure -->
</testsuite> <!-- Command line test -->
