<?xml version="1.0" encoding="UTF-8"?>
<testng-results skipped="0" failed="0" ignored="0" total="4" passed="4">
  <reporter-output>
  </reporter-output>
  <suite name="Suite" duration-ms="116694" started-at="2019-01-13T12:49:22Z" finished-at="2019-01-13T12:51:19Z">
    <groups>
    </groups>
    <test name="Integration Test" duration-ms="116694" started-at="2019-01-13T12:49:22Z" finished-at="2019-01-13T12:51:19Z">
      <class name="tests.TestLandingPage">
        <test-method status="PASS" signature="configure()[pri:0, instance:tests.TestLandingPage@4524411f]" name="configure" is-config="true" duration-ms="33" started-at="2019-01-13T12:49:22Z" finished-at="2019-01-13T12:49:22Z">
          <reporter-output>
          </reporter-output>
        </test-method> <!-- configure -->
        <test-method status="PASS" signature="setUpBrowser()[pri:0, instance:tests.TestLandingPage@4524411f]" name="setUpBrowser" is-config="true" duration-ms="17586" started-at="2019-01-13T12:49:22Z" finished-at="2019-01-13T12:49:40Z">
          <reporter-output>
          </reporter-output>
        </test-method> <!-- setUpBrowser -->
        <test-method status="PASS" signature="initializePage()[pri:0, instance:tests.TestLandingPage@4524411f]" name="initializePage" is-config="true" duration-ms="73" started-at="2019-01-13T12:49:40Z" finished-at="2019-01-13T12:49:40Z">
          <reporter-output>
          </reporter-output>
        </test-method> <!-- initializePage -->
        <test-method status="PASS" signature="testNavigateToSignUpPage()[pri:1, instance:tests.TestLandingPage@4524411f]" name="testNavigateToSignUpPage" duration-ms="25909" started-at="2019-01-13T12:49:40Z" finished-at="2019-01-13T12:50:06Z">
          <reporter-output>
          </reporter-output>
        </test-method> <!-- testNavigateToSignUpPage -->
        <test-method status="PASS" signature="testSignInPage()[pri:2, instance:tests.TestLandingPage@4524411f]" name="testSignInPage" duration-ms="44344" started-at="2019-01-13T12:50:06Z" finished-at="2019-01-13T12:50:50Z">
          <reporter-output>
          </reporter-output>
        </test-method> <!-- testSignInPage -->
        <test-method status="PASS" signature="testFeaturesDetailsPages(java.lang.String)[pri:3, instance:tests.TestLandingPage@4524411f]" name="testFeaturesDetailsPages" duration-ms="11805" started-at="2019-01-13T12:50:50Z" data-provider="FeaturesNameProvider" finished-at="2019-01-13T12:51:02Z">
          <params>
            <param index="0">
              <value>
                <![CDATA[In-app bug reporting]]>
              </value>
            </param>
          </params>
          <reporter-output>
          </reporter-output>
        </test-method> <!-- testFeaturesDetailsPages -->
        <test-method status="PASS" signature="testFeaturesDetailsPages(java.lang.String)[pri:3, instance:tests.TestLandingPage@4524411f]" name="testFeaturesDetailsPages" duration-ms="15754" started-at="2019-01-13T12:51:02Z" data-provider="FeaturesNameProvider" finished-at="2019-01-13T12:51:18Z">
          <params>
            <param index="0">
              <value>
                <![CDATA[Test Cases]]>
              </value>
            </param>
          </params>
          <reporter-output>
          </reporter-output>
        </test-method> <!-- testFeaturesDetailsPages -->
        <test-method status="PASS" signature="shutDown()[pri:0, instance:tests.TestLandingPage@4524411f]" name="shutDown" is-config="true" duration-ms="1083" started-at="2019-01-13T12:51:18Z" finished-at="2019-01-13T12:51:19Z">
          <reporter-output>
          </reporter-output>
        </test-method> <!-- shutDown -->
      </class> <!-- tests.TestLandingPage -->
    </test> <!-- Integration Test -->
  </suite> <!-- Suite -->
</testng-results>
