<?xml version="1.0" encoding="UTF-8"?>
<testng-results skipped="0" failed="0" ignored="0" total="2" passed="2">
  <reporter-output>
  </reporter-output>
  <suite name="Suite" duration-ms="83305" started-at="2019-01-13T05:03:24Z" finished-at="2019-01-13T05:04:47Z">
    <groups>
    </groups>
    <test name="Integration Test" duration-ms="83305" started-at="2019-01-13T05:03:24Z" finished-at="2019-01-13T05:04:47Z">
      <class name="tests.TestLandingPage">
        <test-method status="PASS" signature="configure()[pri:0, instance:tests.TestLandingPage@2e3fc542]" name="configure" is-config="true" duration-ms="16" started-at="2019-01-13T05:03:24Z" finished-at="2019-01-13T05:03:24Z">
          <reporter-output>
          </reporter-output>
        </test-method> <!-- configure -->
        <test-method status="PASS" signature="startBrowser()[pri:0, instance:tests.TestLandingPage@2e3fc542]" name="startBrowser" is-config="true" duration-ms="5430" started-at="2019-01-13T05:03:24Z" finished-at="2019-01-13T05:03:30Z">
          <reporter-output>
          </reporter-output>
        </test-method> <!-- startBrowser -->
        <test-method status="PASS" signature="testNavigateToSignUpPage()[pri:1, instance:tests.TestLandingPage@2e3fc542]" name="testNavigateToSignUpPage" duration-ms="25151" started-at="2019-01-13T05:03:30Z" finished-at="2019-01-13T05:03:55Z">
          <reporter-output>
          </reporter-output>
        </test-method> <!-- testNavigateToSignUpPage -->
        <test-method status="PASS" signature="closeBrowser()[pri:0, instance:tests.TestLandingPage@2e3fc542]" name="closeBrowser" is-config="true" duration-ms="345" started-at="2019-01-13T05:03:55Z" finished-at="2019-01-13T05:03:55Z">
          <reporter-output>
          </reporter-output>
        </test-method> <!-- closeBrowser -->
        <test-method status="PASS" signature="startBrowser()[pri:0, instance:tests.TestLandingPage@2e3fc542]" name="startBrowser" is-config="true" duration-ms="3878" started-at="2019-01-13T05:03:55Z" finished-at="2019-01-13T05:03:59Z">
          <reporter-output>
          </reporter-output>
        </test-method> <!-- startBrowser -->
        <test-method status="PASS" signature="testNavigateToSignInPage()[pri:2, instance:tests.TestLandingPage@2e3fc542]" name="testNavigateToSignInPage" duration-ms="46359" started-at="2019-01-13T05:03:59Z" finished-at="2019-01-13T05:04:45Z">
          <reporter-output>
          </reporter-output>
        </test-method> <!-- testNavigateToSignInPage -->
        <test-method status="PASS" signature="closeBrowser()[pri:0, instance:tests.TestLandingPage@2e3fc542]" name="closeBrowser" is-config="true" duration-ms="2109" started-at="2019-01-13T05:04:45Z" finished-at="2019-01-13T05:04:47Z">
          <reporter-output>
          </reporter-output>
        </test-method> <!-- closeBrowser -->
        <test-method status="PASS" signature="shutDown()[pri:0, instance:tests.TestLandingPage@2e3fc542]" name="shutDown" is-config="true" duration-ms="535" started-at="2019-01-13T05:04:48Z" finished-at="2019-01-13T05:04:48Z">
          <reporter-output>
          </reporter-output>
        </test-method> <!-- shutDown -->
      </class> <!-- tests.TestLandingPage -->
    </test> <!-- Integration Test -->
  </suite> <!-- Suite -->
</testng-results>
